<?xml version="1.0" encoding="UTF-8"?>
<testsuite xmlns:xsi="http://www.w3.org/2001/XMLSchema-instance" xsi:noNamespaceSchemaLocation="https://maven.apache.org/surefire/maven-surefire-plugin/xsd/surefire-test-report-3.0.xsd" version="3.0" name="Tests.Test_Usuario" time="5.82" tests="4" errors="3" skipped="0" failures="0">
  <properties>
[...]
</properties>
  <testcase name="testFindUsuarioExistente" classname="Tests.Test_Usuario" time="0.659">
    <error message="El usuario ya existe: 3" type="Inventario.exceptions.PreexistingEntityException"><![CDATA[Inventario.exceptions.PreexistingEntityException: El usuario ya existe: 3
	at Uso_Comun.DAOs.DAO_Usuario.create(DAO_Usuario.java:141)
	at Tests.Test_Usuario.testFindUsuarioExistente(Test_Usuario.java:89)
	at java.base/jdk.internal.reflect.NativeMethodAccessorImpl.invoke0(Native Method)
	at java.base/jdk.internal.reflect.NativeMethodAccessorImpl.invoke(NativeMethodAccessorImpl.java:77)
	at java.base/jdk.internal.reflect.DelegatingMethodAccessorImpl.invoke(DelegatingMethodAccessorImpl.java:43)
	at java.base/java.lang.reflect.Method.invoke(Method.java:568)
	at org.junit.platform.commons.util.ReflectionUtils.invokeMethod(ReflectionUtils.java:686)
	at org.junit.jupiter.engine.execution.MethodInvocation.proceed(MethodInvocation.java:60)
	at org.junit.jupiter.engine.execution.InvocationInterceptorChain$ValidatingInvocation.proceed(InvocationInterceptorChain.java:131)
	at org.junit.jupiter.engine.extension.TimeoutExtension.intercept(TimeoutExtension.java:149)
	at org.junit.jupiter.engine.extension.TimeoutExtension.interceptTestableMethod(TimeoutExtension.java:140)
	at org.junit.jupiter.engine.extension.TimeoutExtension.interceptTestMethod(TimeoutExtension.java:84)
	at org.junit.jupiter.engine.execution.ExecutableInvoker$ReflectiveInterceptorCall.lambda$ofVoidMethod$0(ExecutableInvoker.java:115)
	at org.junit.jupiter.engine.execution.ExecutableInvoker.lambda$invoke$0(ExecutableInvoker.java:105)
	at org.junit.jupiter.engine.execution.InvocationInterceptorChain$InterceptedInvocation.proceed(InvocationInterceptorChain.java:106)
	at org.junit.jupiter.engine.execution.InvocationInterceptorChain.proceed(InvocationInterceptorChain.java:64)
	at org.junit.jupiter.engine.execution.InvocationInterceptorChain.chainAndInvoke(InvocationInterceptorChain.java:45)
	at org.junit.jupiter.engine.execution.InvocationInterceptorChain.invoke(InvocationInterceptorChain.java:37)
	at org.junit.jupiter.engine.execution.ExecutableInvoker.invoke(ExecutableInvoker.java:104)
	at org.junit.jupiter.engine.execution.ExecutableInvoker.invoke(ExecutableInvoker.java:98)
	at org.junit.jupiter.engine.descriptor.TestMethodTestDescriptor.lambda$invokeTestMethod$6(TestMethodTestDescriptor.java:205)
	at org.junit.platform.engine.support.hierarchical.ThrowableCollector.execute(ThrowableCollector.java:73)
	at org.junit.jupiter.engine.descriptor.TestMethodTestDescriptor.invokeTestMethod(TestMethodTestDescriptor.java:201)
	at org.junit.jupiter.engine.descriptor.TestMethodTestDescriptor.execute(TestMethodTestDescriptor.java:137)
	at org.junit.jupiter.engine.descriptor.TestMethodTestDescriptor.execute(TestMethodTestDescriptor.java:71)
	at org.junit.platform.engine.support.hierarchical.NodeTestTask.lambda$executeRecursively$5(NodeTestTask.java:135)
	at org.junit.platform.engine.support.hierarchical.ThrowableCollector.execute(ThrowableCollector.java:73)
	at org.junit.platform.engine.support.hierarchical.NodeTestTask.lambda$executeRecursively$7(NodeTestTask.java:125)
	at org.junit.platform.engine.support.hierarchical.Node.around(Node.java:135)
	at org.junit.platform.engine.support.hierarchical.NodeTestTask.lambda$executeRecursively$8(NodeTestTask.java:123)
	at org.junit.platform.engine.support.hierarchical.ThrowableCollector.execute(ThrowableCollector.java:73)
	at org.junit.platform.engine.support.hierarchical.NodeTestTask.executeRecursively(NodeTestTask.java:122)
	at org.junit.platform.engine.support.hierarchical.NodeTestTask.execute(NodeTestTask.java:80)
	at java.base/java.util.ArrayList.forEach(ArrayList.java:1511)
	at org.junit.platform.engine.support.hierarchical.SameThreadHierarchicalTestExecutorService.invokeAll(SameThreadHierarchicalTestExecutorService.java:38)
	at org.junit.platform.engine.support.hierarchical.NodeTestTask.lambda$executeRecursively$5(NodeTestTask.java:139)
	at org.junit.platform.engine.support.hierarchical.ThrowableCollector.execute(ThrowableCollector.java:73)
	at org.junit.platform.engine.support.hierarchical.NodeTestTask.lambda$executeRecursively$7(NodeTestTask.java:125)
	at org.junit.platform.engine.support.hierarchical.Node.around(Node.java:135)
	at org.junit.platform.engine.support.hierarchical.NodeTestTask.lambda$executeRecursively$8(NodeTestTask.java:123)
	at org.junit.platform.engine.support.hierarchical.ThrowableCollector.execute(ThrowableCollector.java:73)
	at org.junit.platform.engine.support.hierarchical.NodeTestTask.executeRecursively(NodeTestTask.java:122)
	at org.junit.platform.engine.support.hierarchical.NodeTestTask.execute(NodeTestTask.java:80)
	at java.base/java.util.ArrayList.forEach(ArrayList.java:1511)
	at org.junit.platform.engine.support.hierarchical.SameThreadHierarchicalTestExecutorService.invokeAll(SameThreadHierarchicalTestExecutorService.java:38)
	at org.junit.platform.engine.support.hierarchical.NodeTestTask.lambda$executeRecursively$5(NodeTestTask.java:139)
	at org.junit.platform.engine.support.hierarchical.ThrowableCollector.execute(ThrowableCollector.java:73)
	at org.junit.platform.engine.support.hierarchical.NodeTestTask.lambda$executeRecursively$7(NodeTestTask.java:125)
	at org.junit.platform.engine.support.hierarchical.Node.around(Node.java:135)
	at org.junit.platform.engine.support.hierarchical.NodeTestTask.lambda$executeRecursively$8(NodeTestTask.java:123)
	at org.junit.platform.engine.support.hierarchical.ThrowableCollector.execute(ThrowableCollector.java:73)
	at org.junit.platform.engine.support.hierarchical.NodeTestTask.executeRecursively(NodeTestTask.java:122)
	at org.junit.platform.engine.support.hierarchical.NodeTestTask.execute(NodeTestTask.java:80)
	at org.junit.platform.engine.support.hierarchical.SameThreadHierarchicalTestExecutorService.submit(SameThreadHierarchicalTestExecutorService.java:32)
	at org.junit.platform.engine.support.hierarchical.HierarchicalTestExecutor.execute(HierarchicalTestExecutor.java:57)
	at org.junit.platform.engine.support.hierarchical.HierarchicalTestEngine.execute(HierarchicalTestEngine.java:51)
	at org.junit.platform.launcher.core.DefaultLauncher.execute(DefaultLauncher.java:248)
	at org.junit.platform.launcher.core.DefaultLauncher.lambda$execute$5(DefaultLauncher.java:211)
	at org.junit.platform.launcher.core.DefaultLauncher.withInterceptedStreams(DefaultLauncher.java:226)
	at org.junit.platform.launcher.core.DefaultLauncher.execute(DefaultLauncher.java:199)
	at org.junit.platform.launcher.core.DefaultLauncher.execute(DefaultLauncher.java:132)
	at org.apache.maven.surefire.junitplatform.LazyLauncher.execute(LazyLauncher.java:56)
	at org.apache.maven.surefire.junitplatform.JUnitPlatformProvider.execute(JUnitPlatformProvider.java:184)
	at org.apache.maven.surefire.junitplatform.JUnitPlatformProvider.invokeAllTests(JUnitPlatformProvider.java:148)
	at org.apache.maven.surefire.junitplatform.JUnitPlatformProvider.invoke(JUnitPlatformProvider.java:122)
	at org.apache.maven.surefire.booter.ForkedBooter.runSuitesInProcess(ForkedBooter.java:385)
	at org.apache.maven.surefire.booter.ForkedBooter.execute(ForkedBooter.java:162)
	at org.apache.maven.surefire.booter.ForkedBooter.run(ForkedBooter.java:507)
	at org.apache.maven.surefire.booter.ForkedBooter.main(ForkedBooter.java:495)
Caused by: jakarta.persistence.RollbackException: Exception [EclipseLink-4002] (Eclipse Persistence Services - 3.0.2.v202107160933): org.eclipse.persistence.exceptions.DatabaseException
Internal Exception: com.microsoft.sqlserver.jdbc.SQLServerException: Cannot insert the value NULL into column 'Contraseña_SHA256', table 'ETradeTechDB.dbo.Usuario'; column does not allow nulls. INSERT fails.
Error Code: 515
Call: INSERT INTO Usuario (Usuario_id, Contraseña_SHA256, Correo, Nombre) VALUES (?, ?, ?, ?)
	bind => [3, null, null, María Ruiz]
Query: InsertObjectQuery(Uso_Comun.Usuario[ usuarioid=3 ])
	at org.eclipse.persistence.internal.jpa.transaction.EntityTransactionImpl.commit(EntityTransactionImpl.java:163)
	at Uso_Comun.DAOs.DAO_Usuario.create(DAO_Usuario.java:129)
	... 68 more
Caused by: Exception [EclipseLink-4002] (Eclipse Persistence Services - 3.0.2.v202107160933): org.eclipse.persistence.exceptions.DatabaseException
Internal Exception: com.microsoft.sqlserver.jdbc.SQLServerException: Cannot insert the value NULL into column 'Contraseña_SHA256', table 'ETradeTechDB.dbo.Usuario'; column does not allow nulls. INSERT fails.
Error Code: 515
Call: INSERT INTO Usuario (Usuario_id, Contraseña_SHA256, Correo, Nombre) VALUES (?, ?, ?, ?)
	bind => [3, null, null, María Ruiz]
Query: InsertObjectQuery(Uso_Comun.Usuario[ usuarioid=3 ])
	at org.eclipse.persistence.exceptions.DatabaseException.sqlException(DatabaseException.java:334)
	at org.eclipse.persistence.internal.databaseaccess.DatabaseAccessor.executeDirectNoSelect(DatabaseAccessor.java:908)
	at org.eclipse.persistence.internal.databaseaccess.DatabaseAccessor.executeNoSelect(DatabaseAccessor.java:970)
	at org.eclipse.persistence.internal.databaseaccess.DatabaseAccessor.basicExecuteCall(DatabaseAccessor.java:640)
	at org.eclipse.persistence.internal.databaseaccess.DatabaseAccessor.executeCall(DatabaseAccessor.java:567)
	at org.eclipse.persistence.internal.sessions.AbstractSession.basicExecuteCall(AbstractSession.java:2051)
	at org.eclipse.persistence.sessions.server.ClientSession.executeCall(ClientSession.java:312)
	at org.eclipse.persistence.internal.queries.DatasourceCallQueryMechanism.executeCall(DatasourceCallQueryMechanism.java:282)
	at org.eclipse.persistence.internal.queries.DatasourceCallQueryMechanism.executeCall(DatasourceCallQueryMechanism.java:268)
	at org.eclipse.persistence.internal.queries.DatasourceCallQueryMechanism.insertObject(DatasourceCallQueryMechanism.java:421)
	at org.eclipse.persistence.internal.queries.StatementQueryMechanism.insertObject(StatementQueryMechanism.java:175)
	at org.eclipse.persistence.internal.queries.StatementQueryMechanism.insertObject(StatementQueryMechanism.java:191)
	at org.eclipse.persistence.internal.queries.DatabaseQueryMechanism.insertObjectForWrite(DatabaseQueryMechanism.java:507)
	at org.eclipse.persistence.queries.InsertObjectQuery.executeCommit(InsertObjectQuery.java:83)
	at org.eclipse.persistence.queries.InsertObjectQuery.executeCommitWithChangeSet(InsertObjectQuery.java:94)
	at org.eclipse.persistence.internal.queries.DatabaseQueryMechanism.executeWriteWithChangeSet(DatabaseQueryMechanism.java:319)
	at org.eclipse.persistence.queries.WriteObjectQuery.executeDatabaseQuery(WriteObjectQuery.java:61)
	at org.eclipse.persistence.queries.DatabaseQuery.execute(DatabaseQuery.java:912)
	at org.eclipse.persistence.queries.DatabaseQuery.executeInUnitOfWork(DatabaseQuery.java:811)
	at org.eclipse.persistence.queries.ObjectLevelModifyQuery.executeInUnitOfWorkObjectLevelModifyQuery(ObjectLevelModifyQuery.java:112)
	at org.eclipse.persistence.queries.ObjectLevelModifyQuery.executeInUnitOfWork(ObjectLevelModifyQuery.java:89)
	at org.eclipse.persistence.internal.sessions.UnitOfWorkImpl.internalExecuteQuery(UnitOfWorkImpl.java:3008)
	at org.eclipse.persistence.internal.sessions.AbstractSession.executeQuery(AbstractSession.java:1844)
	at org.eclipse.persistence.internal.sessions.AbstractSession.executeQuery(AbstractSession.java:1826)
	at org.eclipse.persistence.internal.sessions.AbstractSession.executeQuery(AbstractSession.java:1776)
	at org.eclipse.persistence.internal.sessions.CommitManager.commitNewObjectsForClassWithChangeSet(CommitManager.java:248)
	at org.eclipse.persistence.internal.sessions.CommitManager.commitAllObjectsWithChangeSet(CommitManager.java:147)
	at org.eclipse.persistence.internal.sessions.AbstractSession.writeAllObjectsWithChangeSet(AbstractSession.java:4340)
	at org.eclipse.persistence.internal.sessions.UnitOfWorkImpl.commitToDatabase(UnitOfWorkImpl.java:1507)
	at org.eclipse.persistence.internal.sessions.UnitOfWorkImpl.commitToDatabaseWithChangeSet(UnitOfWorkImpl.java:1597)
	at org.eclipse.persistence.internal.sessions.RepeatableWriteUnitOfWork.commitRootUnitOfWork(RepeatableWriteUnitOfWork.java:288)
	at org.eclipse.persistence.internal.sessions.UnitOfWorkImpl.commitAndResume(UnitOfWorkImpl.java:1234)
	at org.eclipse.persistence.internal.jpa.transaction.EntityTransactionImpl.commit(EntityTransactionImpl.java:138)
	... 69 more
Caused by: com.microsoft.sqlserver.jdbc.SQLServerException: Cannot insert the value NULL into column 'Contraseña_SHA256', table 'ETradeTechDB.dbo.Usuario'; column does not allow nulls. INSERT fails.
	at com.microsoft.sqlserver.jdbc.SQLServerException.makeFromDatabaseError(SQLServerException.java:276)
	at com.microsoft.sqlserver.jdbc.SQLServerStatement.getNextResult(SQLServerStatement.java:1787)
	at com.microsoft.sqlserver.jdbc.SQLServerPreparedStatement.doExecutePreparedStatement(SQLServerPreparedStatement.java:688)
	at com.microsoft.sqlserver.jdbc.SQLServerPreparedStatement$PrepStmtExecCmd.doExecute(SQLServerPreparedStatement.java:607)
	at com.microsoft.sqlserver.jdbc.TDSCommand.execute(IOBuffer.java:7745)
	at com.microsoft.sqlserver.jdbc.SQLServerConnection.executeCommand(SQLServerConnection.java:4700)
	at com.microsoft.sqlserver.jdbc.SQLServerStatement.executeCommand(SQLServerStatement.java:321)
	at com.microsoft.sqlserver.jdbc.SQLServerStatement.executeStatement(SQLServerStatement.java:253)
	at com.microsoft.sqlserver.jdbc.SQLServerPreparedStatement.executeUpdate(SQLServerPreparedStatement.java:549)
	at org.eclipse.persistence.internal.databaseaccess.DatabaseAccessor.executeDirectNoSelect(DatabaseAccessor.java:898)
	... 100 more
]]></error>
    <system-out><![CDATA[[EL Fine]: server: 2025-04-25 16:04:14.567--Thread(Thread[main,5,main])--Configured server platform: org.eclipse.persistence.platform.server.NoServerPlatform
[EL Config]: metadata: 2025-04-25 16:04:15.061--ServerSession(856055143)--Thread(Thread[main,5,main])--The access type for the persistent class [class Uso_Comun.Modelos.Cliente] is set to [FIELD].
[EL Config]: metadata: 2025-04-25 16:04:15.137--ServerSession(856055143)--Thread(Thread[main,5,main])--The target entity (reference) class for the many to one mapping element [field usuarioUsuarioid] is being defaulted to: class Uso_Comun.Modelos.Usuario.
[EL Config]: metadata: 2025-04-25 16:04:15.144--ServerSession(856055143)--Thread(Thread[main,5,main])--The target entity (reference) class for the one to many mapping element [field pedidosCollection] is being defaulted to: class Uso_Comun.Modelos.Pedidos.
[EL Config]: metadata: 2025-04-25 16:04:15.145--ServerSession(856055143)--Thread(Thread[main,5,main])--The access type for the persistent class [class Inventario.Modelos.Despachador] is set to [FIELD].
[EL Config]: metadata: 2025-04-25 16:04:15.146--ServerSession(856055143)--Thread(Thread[main,5,main])--The target entity (reference) class for the many to one mapping element [field inventarioID] is being defaulted to: class Inventario.Modelos.Inventario.
[EL Config]: metadata: 2025-04-25 16:04:15.147--ServerSession(856055143)--Thread(Thread[main,5,main])--The target entity (reference) class for the many to one mapping element [field almacenID] is being defaulted to: class Inventario.Modelos.Almacen.
[EL Config]: metadata: 2025-04-25 16:04:15.147--ServerSession(856055143)--Thread(Thread[main,5,main])--The target entity (reference) class for the many to one mapping element [field usuarioUsuarioid] is being defaulted to: class Uso_Comun.Modelos.Usuario.
[EL Config]: metadata: 2025-04-25 16:04:15.147--ServerSession(856055143)--Thread(Thread[main,5,main])--The target entity (reference) class for the one to many mapping element [field pedidosCollection] is being defaulted to: class Uso_Comun.Modelos.Pedidos.
[EL Config]: metadata: 2025-04-25 16:04:15.148--ServerSession(856055143)--Thread(Thread[main,5,main])--The access type for the persistent class [class Inventario.Modelos.HistorialTransaccInv] is set to [FIELD].
[EL Config]: metadata: 2025-04-25 16:04:15.148--ServerSession(856055143)--Thread(Thread[main,5,main])--The target entity (reference) class for the one to many mapping element [field transaccionInvCollection] is being defaulted to: class Inventario.Modelos.TransaccionInv.
[EL Config]: metadata: 2025-04-25 16:04:15.148--ServerSession(856055143)--Thread(Thread[main,5,main])--The access type for the persistent class [class Uso_Comun.Modelos.Producto] is set to [FIELD].
[EL Config]: metadata: 2025-04-25 16:04:15.149--ServerSession(856055143)--Thread(Thread[main,5,main])--The target entity (reference) class for the many to one mapping element [field inventarioID] is being defaulted to: class Inventario.Modelos.Inventario.
[EL Config]: metadata: 2025-04-25 16:04:15.149--ServerSession(856055143)--Thread(Thread[main,5,main])--The target entity (reference) class for the many to one mapping element [field pedidoID] is being defaulted to: class Uso_Comun.Modelos.Pedidos.
[EL Config]: metadata: 2025-04-25 16:04:15.151--ServerSession(856055143)--Thread(Thread[main,5,main])--The access type for the persistent class [class Inventario.Modelos.HistorialPedidos] is set to [FIELD].
[EL Config]: metadata: 2025-04-25 16:04:15.151--ServerSession(856055143)--Thread(Thread[main,5,main])--The target entity (reference) class for the one to many mapping element [field pedidosCollection] is being defaulted to: class Uso_Comun.Modelos.Pedidos.
[EL Config]: metadata: 2025-04-25 16:04:15.152--ServerSession(856055143)--Thread(Thread[main,5,main])--The access type for the persistent class [class Inventario.Modelos.TransaccionInv] is set to [FIELD].
[EL Config]: metadata: 2025-04-25 16:04:15.152--ServerSession(856055143)--Thread(Thread[main,5,main])--The target entity (reference) class for the many to one mapping element [field historialTransaccInvID] is being defaulted to: class Inventario.Modelos.HistorialTransaccInv.
[EL Config]: metadata: 2025-04-25 16:04:15.152--ServerSession(856055143)--Thread(Thread[main,5,main])--The target entity (reference) class for the many to one mapping element [field inventarioReceptorD] is being defaulted to: class Inventario.Modelos.Inventario.
[EL Config]: metadata: 2025-04-25 16:04:15.152--ServerSession(856055143)--Thread(Thread[main,5,main])--The target entity (reference) class for the many to one mapping element [field inventarioEmisorID] is being defaulted to: class Inventario.Modelos.Inventario.
[EL Config]: metadata: 2025-04-25 16:04:15.153--ServerSession(856055143)--Thread(Thread[main,5,main])--The access type for the persistent class [class Uso_Comun.Modelos.Pedidos] is set to [FIELD].
[EL Config]: metadata: 2025-04-25 16:04:15.153--ServerSession(856055143)--Thread(Thread[main,5,main])--The target entity (reference) class for the many to one mapping element [field despachadorID] is being defaulted to: class Inventario.Modelos.Despachador.
[EL Config]: metadata: 2025-04-25 16:04:15.154--ServerSession(856055143)--Thread(Thread[main,5,main])--The target entity (reference) class for the many to one mapping element [field historialPredidosID] is being defaulted to: class Inventario.Modelos.HistorialPedidos.
[EL Config]: metadata: 2025-04-25 16:04:15.154--ServerSession(856055143)--Thread(Thread[main,5,main])--The target entity (reference) class for the many to one mapping element [field clienteID] is being defaulted to: class Uso_Comun.Modelos.Cliente.
[EL Config]: metadata: 2025-04-25 16:04:15.155--ServerSession(856055143)--Thread(Thread[main,5,main])--The target entity (reference) class for the one to many mapping element [field productoCollection] is being defaulted to: class Uso_Comun.Modelos.Producto.
[EL Config]: metadata: 2025-04-25 16:04:15.155--ServerSession(856055143)--Thread(Thread[main,5,main])--The target entity (reference) class for the many to one mapping element [field mensajeroID] is being defaulted to: class Uso_Comun.Modelos.Mensajero.
[EL Config]: metadata: 2025-04-25 16:04:15.155--ServerSession(856055143)--Thread(Thread[main,5,main])--The access type for the persistent class [class Uso_Comun.Modelos.Usuario] is set to [FIELD].
[EL Config]: metadata: 2025-04-25 16:04:15.156--ServerSession(856055143)--Thread(Thread[main,5,main])--The target entity (reference) class for the one to many mapping element [field despachadorCollection] is being defaulted to: class Inventario.Modelos.Despachador.
[EL Config]: metadata: 2025-04-25 16:04:15.156--ServerSession(856055143)--Thread(Thread[main,5,main])--The target entity (reference) class for the one to many mapping element [field gestoresCollection] is being defaulted to: class Inventario.Modelos.Gestores.
[EL Config]: metadata: 2025-04-25 16:04:15.157--ServerSession(856055143)--Thread(Thread[main,5,main])--The target entity (reference) class for the one to many mapping element [field clienteCollection] is being defaulted to: class Uso_Comun.Modelos.Cliente.
[EL Config]: metadata: 2025-04-25 16:04:15.157--ServerSession(856055143)--Thread(Thread[main,5,main])--The access type for the persistent class [class Uso_Comun.Modelos.Mensajero] is set to [FIELD].
[EL Config]: metadata: 2025-04-25 16:04:15.158--ServerSession(856055143)--Thread(Thread[main,5,main])--The target entity (reference) class for the one to many mapping element [field pedidosCollection] is being defaulted to: class Uso_Comun.Modelos.Pedidos.
[EL Config]: metadata: 2025-04-25 16:04:15.159--ServerSession(856055143)--Thread(Thread[main,5,main])--The access type for the persistent class [class Inventario.Modelos.Inventario] is set to [FIELD].
[EL Config]: metadata: 2025-04-25 16:04:15.16--ServerSession(856055143)--Thread(Thread[main,5,main])--The target entity (reference) class for the one to many mapping element [field despachadorCollection] is being defaulted to: class Inventario.Modelos.Despachador.
[EL Config]: metadata: 2025-04-25 16:04:15.16--ServerSession(856055143)--Thread(Thread[main,5,main])--The target entity (reference) class for the many to one mapping element [field almacenID] is being defaulted to: class Inventario.Modelos.Almacen.
[EL Config]: metadata: 2025-04-25 16:04:15.16--ServerSession(856055143)--Thread(Thread[main,5,main])--The target entity (reference) class for the one to many mapping element [field transaccionInvCollection] is being defaulted to: class Inventario.Modelos.TransaccionInv.
[EL Config]: metadata: 2025-04-25 16:04:15.161--ServerSession(856055143)--Thread(Thread[main,5,main])--The target entity (reference) class for the one to many mapping element [field transaccionInvCollection1] is being defaulted to: class Inventario.Modelos.TransaccionInv.
[EL Config]: metadata: 2025-04-25 16:04:15.161--ServerSession(856055143)--Thread(Thread[main,5,main])--The target entity (reference) class for the one to many mapping element [field productoCollection] is being defaulted to: class Uso_Comun.Modelos.Producto.
[EL Config]: metadata: 2025-04-25 16:04:15.161--ServerSession(856055143)--Thread(Thread[main,5,main])--The access type for the persistent class [class Inventario.Modelos.Almacen] is set to [FIELD].
[EL Config]: metadata: 2025-04-25 16:04:15.161--ServerSession(856055143)--Thread(Thread[main,5,main])--The target entity (reference) class for the one to many mapping element [field despachadorCollection] is being defaulted to: class Inventario.Modelos.Despachador.
[EL Config]: metadata: 2025-04-25 16:04:15.162--ServerSession(856055143)--Thread(Thread[main,5,main])--The target entity (reference) class for the one to many mapping element [field gestoresCollection] is being defaulted to: class Inventario.Modelos.Gestores.
[EL Config]: metadata: 2025-04-25 16:04:15.163--ServerSession(856055143)--Thread(Thread[main,5,main])--The target entity (reference) class for the one to many mapping element [field inventarioCollection] is being defaulted to: class Inventario.Modelos.Inventario.
[EL Config]: metadata: 2025-04-25 16:04:15.163--ServerSession(856055143)--Thread(Thread[main,5,main])--The access type for the persistent class [class Inventario.Modelos.Gestores] is set to [FIELD].
[EL Config]: metadata: 2025-04-25 16:04:15.164--ServerSession(856055143)--Thread(Thread[main,5,main])--The target entity (reference) class for the many to one mapping element [field almacenID] is being defaulted to: class Inventario.Modelos.Almacen.
[EL Config]: metadata: 2025-04-25 16:04:15.164--ServerSession(856055143)--Thread(Thread[main,5,main])--The target entity (reference) class for the many to one mapping element [field usuarioUsuarioid] is being defaulted to: class Uso_Comun.Modelos.Usuario.
[EL Config]: metadata: 2025-04-25 16:04:15.164--ServerSession(856055143)--Thread(Thread[main,5,main])--The alias name for the entity class [class Uso_Comun.Modelos.Cliente] is being defaulted to: Cliente.
[EL Config]: metadata: 2025-04-25 16:04:15.199--ServerSession(856055143)--Thread(Thread[main,5,main])--The alias name for the entity class [class Inventario.Modelos.Despachador] is being defaulted to: Despachador.
[EL Config]: metadata: 2025-04-25 16:04:15.202--ServerSession(856055143)--Thread(Thread[main,5,main])--The alias name for the entity class [class Inventario.Modelos.HistorialTransaccInv] is being defaulted to: HistorialTransaccInv.
[EL Config]: metadata: 2025-04-25 16:04:15.203--ServerSession(856055143)--Thread(Thread[main,5,main])--The alias name for the entity class [class Uso_Comun.Modelos.Producto] is being defaulted to: Producto.
[EL Config]: metadata: 2025-04-25 16:04:15.208--ServerSession(856055143)--Thread(Thread[main,5,main])--The alias name for the entity class [class Inventario.Modelos.HistorialPedidos] is being defaulted to: HistorialPedidos.
[EL Config]: metadata: 2025-04-25 16:04:15.209--ServerSession(856055143)--Thread(Thread[main,5,main])--The alias name for the entity class [class Inventario.Modelos.TransaccionInv] is being defaulted to: TransaccionInv.
[EL Config]: metadata: 2025-04-25 16:04:15.21--ServerSession(856055143)--Thread(Thread[main,5,main])--The alias name for the entity class [class Uso_Comun.Modelos.Pedidos] is being defaulted to: Pedidos.
[EL Config]: metadata: 2025-04-25 16:04:15.211--ServerSession(856055143)--Thread(Thread[main,5,main])--The alias name for the entity class [class Uso_Comun.Modelos.Usuario] is being defaulted to: Usuario.
[EL Config]: metadata: 2025-04-25 16:04:15.212--ServerSession(856055143)--Thread(Thread[main,5,main])--The alias name for the entity class [class Uso_Comun.Modelos.Mensajero] is being defaulted to: Mensajero.
[EL Config]: metadata: 2025-04-25 16:04:15.213--ServerSession(856055143)--Thread(Thread[main,5,main])--The alias name for the entity class [class Inventario.Modelos.Inventario] is being defaulted to: Inventario.
[EL Config]: metadata: 2025-04-25 16:04:15.214--ServerSession(856055143)--Thread(Thread[main,5,main])--The alias name for the entity class [class Inventario.Modelos.Almacen] is being defaulted to: Almacen.
[EL Config]: metadata: 2025-04-25 16:04:15.215--ServerSession(856055143)--Thread(Thread[main,5,main])--The alias name for the entity class [class Inventario.Modelos.Gestores] is being defaulted to: Gestores.
[EL Info]: 2025-04-25 16:04:15.733--ServerSession(856055143)--Thread(Thread[main,5,main])--EclipseLink, version: Eclipse Persistence Services - 3.0.2.v202107160933
[EL Fine]: connection: 2025-04-25 16:04:16.522--Thread(Thread[main,5,main])--Detected database platform: org.eclipse.persistence.platform.database.SQLServerPlatform
[EL Fine]: connection: 2025-04-25 16:04:16.546--ServerSession(856055143)--Connection(623131585)--Thread(Thread[main,5,main])--connecting(DatabaseLogin(
	platform=>SQLServerPlatform
	user name=> "access"
	datasource URL=> "jdbc:sqlserver://localhost\sqlexpress:1433;databaseName=ETradeTechDB;encrypt=true;trustServerCertificate=true;"
))
[EL Config]: connection: 2025-04-25 16:04:16.858--ServerSession(856055143)--Connection(847606512)--Thread(Thread[main,5,main])--Connected: jdbc:sqlserver://localhost\sqlexpress:1433;connectRetryInterval=10;connectRetryCount=1;maxResultBuffer=-1;sendTemporalDataTypesAsStringForBulkCopy=true;delayLoadingLobs=true;useFmtOnly=false;cacheBulkCopyMetadata=false;bulkCopyForBatchInsertAllowEncryptedValueModifications=false;bulkCopyForBatchInsertTableLock=false;bulkCopyForBatchInsertKeepNulls=false;bulkCopyForBatchInsertKeepIdentity=false;bulkCopyForBatchInsertFireTriggers=false;bulkCopyForBatchInsertCheckConstraints=false;bulkCopyForBatchInsertBatchSize=0;useBulkCopyForBatchInsert=false;cancelQueryTimeout=-1;sslProtocol=TLS;calcBigDecimalPrecision=false;useDefaultJaasConfig=false;jaasConfigurationName=SQLJDBCDriver;statementPoolingCacheSize=0;serverPreparedStatementDiscardThreshold=10;enablePrepareOnFirstPreparedStatementCall=false;fips=false;socketTimeout=0;authentication=NotSpecified;authenticationScheme=nativeAuthentication;xopenStates=false;datetimeParameterType=datetime2;sendTimeAsDatetime=true;replication=false;trustStoreType=JKS;trustServerCertificate=true;TransparentNetworkIPResolution=true;iPAddressPreference=IPv4First;serverNameAsACE=false;sendStringParametersAsUnicode=true;selectMethod=direct;responseBuffering=adaptive;queryTimeout=-1;packetSize=8000;multiSubnetFailover=false;loginTimeout=30;lockTimeout=-1;lastUpdateCount=true;useDefaultGSSCredential=false;prepareMethod=prepexec;encrypt=true;disableStatementPooling=true;databaseName=ETradeTechDB;columnEncryptionSetting=Disabled;applicationName=Microsoft JDBC Driver for SQL Server;applicationIntent=readwrite;
	User: Access
	Database: Microsoft SQL Server  Version: 16.00.1135
	Driver: Microsoft JDBC Driver 12.10 for SQL Server  Version: 12.10.0.0
[EL Fine]: connection: 2025-04-25 16:04:17.539--ServerSession(856055143)--Thread(Thread[main,5,main])--/file:/C:/Users/HP PORTATIL/Documents/NetBeansProjects/E-TradeTech/ERP/Backend/E-TradeTech/target/classes/_ETradeTech_PU login successful
[EL Fine]: moxy: 2025-04-25 16:04:18.365--Thread(Thread[main,5,main])--SAXParserFactory instance: com.sun.org.apache.xerces.internal.jaxp.SAXParserFactoryImpl@4b1abd11
[EL Fine]: sql: 2025-04-25 16:04:18.467--ClientSession(665512315)--Connection(847606512)--Thread(Thread[main,5,main])--DELETE FROM Usuario
[EL Fine]: sql: 2025-04-25 16:04:18.524--ClientSession(665512315)--Thread(Thread[main,5,main])--SELECT 1
[EL Warning]: 2025-04-25 16:04:18.531--UnitOfWork(1275626728)--Thread(Thread[main,5,main])--Exception [EclipseLink-4002] (Eclipse Persistence Services - 3.0.2.v202107160933): org.eclipse.persistence.exceptions.DatabaseException
Internal Exception: com.microsoft.sqlserver.jdbc.SQLServerException: The DELETE statement conflicted with the REFERENCE constraint "FK_Usuario_Compras_Usuario". The conflict occurred in database "ETradeTechDB", table "dbo.Usuario_Compras", column 'Usuario_Usuario_id'.
Error Code: 547
Call: DELETE FROM Usuario
Query: DeleteAllQuery(referenceClass=Usuario sql="DELETE FROM Usuario")
[EL Fine]: sql: 2025-04-25 16:04:18.666--ClientSession(670517043)--Connection(847606512)--Thread(Thread[main,5,main])--INSERT INTO Usuario (Usuario_id, Contraseña_SHA256, Correo, Nombre) VALUES (?, ?, ?, ?)
	bind => [3, null, null, María Ruiz]
[EL Fine]: sql: 2025-04-25 16:04:18.723--ClientSession(670517043)--Thread(Thread[main,5,main])--SELECT 1
[EL Warning]: 2025-04-25 16:04:18.741--UnitOfWork(392403246)--Thread(Thread[main,5,main])--Exception [EclipseLink-4002] (Eclipse Persistence Services - 3.0.2.v202107160933): org.eclipse.persistence.exceptions.DatabaseException
Internal Exception: com.microsoft.sqlserver.jdbc.SQLServerException: Cannot insert the value NULL into column 'Contraseña_SHA256', table 'ETradeTechDB.dbo.Usuario'; column does not allow nulls. INSERT fails.
Error Code: 515
Call: INSERT INTO Usuario (Usuario_id, Contraseña_SHA256, Correo, Nombre) VALUES (?, ?, ?, ?)
	bind => [3, null, null, María Ruiz]
Query: InsertObjectQuery(Uso_Comun.Usuario[ usuarioid=3 ])
[EL Fine]: sql: 2025-04-25 16:04:18.789--ServerSession(856055143)--Connection(847606512)--Thread(Thread[main,5,main])--SELECT Usuario_id, Contraseña_SHA256, Correo, Nombre FROM Usuario WHERE (Usuario_id = ?)
	bind => [3]
]]></system-out>
  </testcase>
  <testcase name="testCreateUsuario" classname="Tests.Test_Usuario" time="0.358">
    <error message="El usuario ya existe: 100" type="Inventario.exceptions.PreexistingEntityException"><![CDATA[Inventario.exceptions.PreexistingEntityException: El usuario ya existe: 100
	at Uso_Comun.DAOs.DAO_Usuario.create(DAO_Usuario.java:141)
	at Tests.Test_Usuario.testCreateUsuario(Test_Usuario.java:57)
	at java.base/jdk.internal.reflect.NativeMethodAccessorImpl.invoke0(Native Method)
	at java.base/jdk.internal.reflect.NativeMethodAccessorImpl.invoke(NativeMethodAccessorImpl.java:77)
	at java.base/jdk.internal.reflect.DelegatingMethodAccessorImpl.invoke(DelegatingMethodAccessorImpl.java:43)
	at java.base/java.lang.reflect.Method.invoke(Method.java:568)
	at org.junit.platform.commons.util.ReflectionUtils.invokeMethod(ReflectionUtils.java:686)
	at org.junit.jupiter.engine.execution.MethodInvocation.proceed(MethodInvocation.java:60)
	at org.junit.jupiter.engine.execution.InvocationInterceptorChain$ValidatingInvocation.proceed(InvocationInterceptorChain.java:131)
	at org.junit.jupiter.engine.extension.TimeoutExtension.intercept(TimeoutExtension.java:149)
	at org.junit.jupiter.engine.extension.TimeoutExtension.interceptTestableMethod(TimeoutExtension.java:140)
	at org.junit.jupiter.engine.extension.TimeoutExtension.interceptTestMethod(TimeoutExtension.java:84)
	at org.junit.jupiter.engine.execution.ExecutableInvoker$ReflectiveInterceptorCall.lambda$ofVoidMethod$0(ExecutableInvoker.java:115)
	at org.junit.jupiter.engine.execution.ExecutableInvoker.lambda$invoke$0(ExecutableInvoker.java:105)
	at org.junit.jupiter.engine.execution.InvocationInterceptorChain$InterceptedInvocation.proceed(InvocationInterceptorChain.java:106)
	at org.junit.jupiter.engine.execution.InvocationInterceptorChain.proceed(InvocationInterceptorChain.java:64)
	at org.junit.jupiter.engine.execution.InvocationInterceptorChain.chainAndInvoke(InvocationInterceptorChain.java:45)
	at org.junit.jupiter.engine.execution.InvocationInterceptorChain.invoke(InvocationInterceptorChain.java:37)
	at org.junit.jupiter.engine.execution.ExecutableInvoker.invoke(ExecutableInvoker.java:104)
	at org.junit.jupiter.engine.execution.ExecutableInvoker.invoke(ExecutableInvoker.java:98)
	at org.junit.jupiter.engine.descriptor.TestMethodTestDescriptor.lambda$invokeTestMethod$6(TestMethodTestDescriptor.java:205)
	at org.junit.platform.engine.support.hierarchical.ThrowableCollector.execute(ThrowableCollector.java:73)
	at org.junit.jupiter.engine.descriptor.TestMethodTestDescriptor.invokeTestMethod(TestMethodTestDescriptor.java:201)
	at org.junit.jupiter.engine.descriptor.TestMethodTestDescriptor.execute(TestMethodTestDescriptor.java:137)
	at org.junit.jupiter.engine.descriptor.TestMethodTestDescriptor.execute(TestMethodTestDescriptor.java:71)
	at org.junit.platform.engine.support.hierarchical.NodeTestTask.lambda$executeRecursively$5(NodeTestTask.java:135)
	at org.junit.platform.engine.support.hierarchical.ThrowableCollector.execute(ThrowableCollector.java:73)
	at org.junit.platform.engine.support.hierarchical.NodeTestTask.lambda$executeRecursively$7(NodeTestTask.java:125)
	at org.junit.platform.engine.support.hierarchical.Node.around(Node.java:135)
	at org.junit.platform.engine.support.hierarchical.NodeTestTask.lambda$executeRecursively$8(NodeTestTask.java:123)
	at org.junit.platform.engine.support.hierarchical.ThrowableCollector.execute(ThrowableCollector.java:73)
	at org.junit.platform.engine.support.hierarchical.NodeTestTask.executeRecursively(NodeTestTask.java:122)
	at org.junit.platform.engine.support.hierarchical.NodeTestTask.execute(NodeTestTask.java:80)
	at java.base/java.util.ArrayList.forEach(ArrayList.java:1511)
	at org.junit.platform.engine.support.hierarchical.SameThreadHierarchicalTestExecutorService.invokeAll(SameThreadHierarchicalTestExecutorService.java:38)
	at org.junit.platform.engine.support.hierarchical.NodeTestTask.lambda$executeRecursively$5(NodeTestTask.java:139)
	at org.junit.platform.engine.support.hierarchical.ThrowableCollector.execute(ThrowableCollector.java:73)
	at org.junit.platform.engine.support.hierarchical.NodeTestTask.lambda$executeRecursively$7(NodeTestTask.java:125)
	at org.junit.platform.engine.support.hierarchical.Node.around(Node.java:135)
	at org.junit.platform.engine.support.hierarchical.NodeTestTask.lambda$executeRecursively$8(NodeTestTask.java:123)
	at org.junit.platform.engine.support.hierarchical.ThrowableCollector.execute(ThrowableCollector.java:73)
	at org.junit.platform.engine.support.hierarchical.NodeTestTask.executeRecursively(NodeTestTask.java:122)
	at org.junit.platform.engine.support.hierarchical.NodeTestTask.execute(NodeTestTask.java:80)
	at java.base/java.util.ArrayList.forEach(ArrayList.java:1511)
	at org.junit.platform.engine.support.hierarchical.SameThreadHierarchicalTestExecutorService.invokeAll(SameThreadHierarchicalTestExecutorService.java:38)
	at org.junit.platform.engine.support.hierarchical.NodeTestTask.lambda$executeRecursively$5(NodeTestTask.java:139)
	at org.junit.platform.engine.support.hierarchical.ThrowableCollector.execute(ThrowableCollector.java:73)
	at org.junit.platform.engine.support.hierarchical.NodeTestTask.lambda$executeRecursively$7(NodeTestTask.java:125)
	at org.junit.platform.engine.support.hierarchical.Node.around(Node.java:135)
	at org.junit.platform.engine.support.hierarchical.NodeTestTask.lambda$executeRecursively$8(NodeTestTask.java:123)
	at org.junit.platform.engine.support.hierarchical.ThrowableCollector.execute(ThrowableCollector.java:73)
	at org.junit.platform.engine.support.hierarchical.NodeTestTask.executeRecursively(NodeTestTask.java:122)
	at org.junit.platform.engine.support.hierarchical.NodeTestTask.execute(NodeTestTask.java:80)
	at org.junit.platform.engine.support.hierarchical.SameThreadHierarchicalTestExecutorService.submit(SameThreadHierarchicalTestExecutorService.java:32)
	at org.junit.platform.engine.support.hierarchical.HierarchicalTestExecutor.execute(HierarchicalTestExecutor.java:57)
	at org.junit.platform.engine.support.hierarchical.HierarchicalTestEngine.execute(HierarchicalTestEngine.java:51)
	at org.junit.platform.launcher.core.DefaultLauncher.execute(DefaultLauncher.java:248)
	at org.junit.platform.launcher.core.DefaultLauncher.lambda$execute$5(DefaultLauncher.java:211)
	at org.junit.platform.launcher.core.DefaultLauncher.withInterceptedStreams(DefaultLauncher.java:226)
	at org.junit.platform.launcher.core.DefaultLauncher.execute(DefaultLauncher.java:199)
	at org.junit.platform.launcher.core.DefaultLauncher.execute(DefaultLauncher.java:132)
	at org.apache.maven.surefire.junitplatform.LazyLauncher.execute(LazyLauncher.java:56)
	at org.apache.maven.surefire.junitplatform.JUnitPlatformProvider.execute(JUnitPlatformProvider.java:184)
	at org.apache.maven.surefire.junitplatform.JUnitPlatformProvider.invokeAllTests(JUnitPlatformProvider.java:148)
	at org.apache.maven.surefire.junitplatform.JUnitPlatformProvider.invoke(JUnitPlatformProvider.java:122)
	at org.apache.maven.surefire.booter.ForkedBooter.runSuitesInProcess(ForkedBooter.java:385)
	at org.apache.maven.surefire.booter.ForkedBooter.execute(ForkedBooter.java:162)
	at org.apache.maven.surefire.booter.ForkedBooter.run(ForkedBooter.java:507)
	at org.apache.maven.surefire.booter.ForkedBooter.main(ForkedBooter.java:495)
Caused by: jakarta.persistence.RollbackException: Exception [EclipseLink-4002] (Eclipse Persistence Services - 3.0.2.v202107160933): org.eclipse.persistence.exceptions.DatabaseException
Internal Exception: com.microsoft.sqlserver.jdbc.SQLServerException: Violation of PRIMARY KEY constraint 'PK_Usuario'. Cannot insert duplicate key in object 'dbo.Usuario'. The duplicate key value is (100).
Error Code: 2627
Call: INSERT INTO Usuario (Usuario_id, Contraseña_SHA256, Correo, Nombre) VALUES (?, ?, ?, ?)
	bind => [100, DJFLIAENFJHFLOALDFGLDFOGLSJFGLJSDFHB, ana@test.com, Ana López]
Query: InsertObjectQuery(Uso_Comun.Usuario[ usuarioid=100 ])
	at org.eclipse.persistence.internal.jpa.transaction.EntityTransactionImpl.commit(EntityTransactionImpl.java:163)
	at Uso_Comun.DAOs.DAO_Usuario.create(DAO_Usuario.java:129)
	... 68 more
Caused by: Exception [EclipseLink-4002] (Eclipse Persistence Services - 3.0.2.v202107160933): org.eclipse.persistence.exceptions.DatabaseException
Internal Exception: com.microsoft.sqlserver.jdbc.SQLServerException: Violation of PRIMARY KEY constraint 'PK_Usuario'. Cannot insert duplicate key in object 'dbo.Usuario'. The duplicate key value is (100).
Error Code: 2627
Call: INSERT INTO Usuario (Usuario_id, Contraseña_SHA256, Correo, Nombre) VALUES (?, ?, ?, ?)
	bind => [100, DJFLIAENFJHFLOALDFGLDFOGLSJFGLJSDFHB, ana@test.com, Ana López]
Query: InsertObjectQuery(Uso_Comun.Usuario[ usuarioid=100 ])
	at org.eclipse.persistence.exceptions.DatabaseException.sqlException(DatabaseException.java:334)
	at org.eclipse.persistence.internal.databaseaccess.DatabaseAccessor.executeDirectNoSelect(DatabaseAccessor.java:908)
	at org.eclipse.persistence.internal.databaseaccess.DatabaseAccessor.executeNoSelect(DatabaseAccessor.java:970)
	at org.eclipse.persistence.internal.databaseaccess.DatabaseAccessor.basicExecuteCall(DatabaseAccessor.java:640)
	at org.eclipse.persistence.internal.databaseaccess.DatabaseAccessor.executeCall(DatabaseAccessor.java:567)
	at org.eclipse.persistence.internal.sessions.AbstractSession.basicExecuteCall(AbstractSession.java:2051)
	at org.eclipse.persistence.sessions.server.ClientSession.executeCall(ClientSession.java:312)
	at org.eclipse.persistence.internal.queries.DatasourceCallQueryMechanism.executeCall(DatasourceCallQueryMechanism.java:282)
	at org.eclipse.persistence.internal.queries.DatasourceCallQueryMechanism.executeCall(DatasourceCallQueryMechanism.java:268)
	at org.eclipse.persistence.internal.queries.DatasourceCallQueryMechanism.insertObject(DatasourceCallQueryMechanism.java:421)
	at org.eclipse.persistence.internal.queries.StatementQueryMechanism.insertObject(StatementQueryMechanism.java:175)
	at org.eclipse.persistence.internal.queries.StatementQueryMechanism.insertObject(StatementQueryMechanism.java:191)
	at org.eclipse.persistence.internal.queries.DatabaseQueryMechanism.insertObjectForWrite(DatabaseQueryMechanism.java:507)
	at org.eclipse.persistence.queries.InsertObjectQuery.executeCommit(InsertObjectQuery.java:83)
	at org.eclipse.persistence.queries.InsertObjectQuery.executeCommitWithChangeSet(InsertObjectQuery.java:94)
	at org.eclipse.persistence.internal.queries.DatabaseQueryMechanism.executeWriteWithChangeSet(DatabaseQueryMechanism.java:319)
	at org.eclipse.persistence.queries.WriteObjectQuery.executeDatabaseQuery(WriteObjectQuery.java:61)
	at org.eclipse.persistence.queries.DatabaseQuery.execute(DatabaseQuery.java:912)
	at org.eclipse.persistence.queries.DatabaseQuery.executeInUnitOfWork(DatabaseQuery.java:811)
	at org.eclipse.persistence.queries.ObjectLevelModifyQuery.executeInUnitOfWorkObjectLevelModifyQuery(ObjectLevelModifyQuery.java:112)
	at org.eclipse.persistence.queries.ObjectLevelModifyQuery.executeInUnitOfWork(ObjectLevelModifyQuery.java:89)
	at org.eclipse.persistence.internal.sessions.UnitOfWorkImpl.internalExecuteQuery(UnitOfWorkImpl.java:3008)
	at org.eclipse.persistence.internal.sessions.AbstractSession.executeQuery(AbstractSession.java:1844)
	at org.eclipse.persistence.internal.sessions.AbstractSession.executeQuery(AbstractSession.java:1826)
	at org.eclipse.persistence.internal.sessions.AbstractSession.executeQuery(AbstractSession.java:1776)
	at org.eclipse.persistence.internal.sessions.CommitManager.commitNewObjectsForClassWithChangeSet(CommitManager.java:248)
	at org.eclipse.persistence.internal.sessions.CommitManager.commitAllObjectsWithChangeSet(CommitManager.java:147)
	at org.eclipse.persistence.internal.sessions.AbstractSession.writeAllObjectsWithChangeSet(AbstractSession.java:4340)
	at org.eclipse.persistence.internal.sessions.UnitOfWorkImpl.commitToDatabase(UnitOfWorkImpl.java:1507)
	at org.eclipse.persistence.internal.sessions.UnitOfWorkImpl.commitToDatabaseWithChangeSet(UnitOfWorkImpl.java:1597)
	at org.eclipse.persistence.internal.sessions.RepeatableWriteUnitOfWork.commitRootUnitOfWork(RepeatableWriteUnitOfWork.java:288)
	at org.eclipse.persistence.internal.sessions.UnitOfWorkImpl.commitAndResume(UnitOfWorkImpl.java:1234)
	at org.eclipse.persistence.internal.jpa.transaction.EntityTransactionImpl.commit(EntityTransactionImpl.java:138)
	... 69 more
Caused by: com.microsoft.sqlserver.jdbc.SQLServerException: Violation of PRIMARY KEY constraint 'PK_Usuario'. Cannot insert duplicate key in object 'dbo.Usuario'. The duplicate key value is (100).
	at com.microsoft.sqlserver.jdbc.SQLServerException.makeFromDatabaseError(SQLServerException.java:276)
	at com.microsoft.sqlserver.jdbc.SQLServerStatement.getNextResult(SQLServerStatement.java:1787)
	at com.microsoft.sqlserver.jdbc.SQLServerPreparedStatement.doExecutePreparedStatement(SQLServerPreparedStatement.java:688)
	at com.microsoft.sqlserver.jdbc.SQLServerPreparedStatement$PrepStmtExecCmd.doExecute(SQLServerPreparedStatement.java:607)
	at com.microsoft.sqlserver.jdbc.TDSCommand.execute(IOBuffer.java:7745)
	at com.microsoft.sqlserver.jdbc.SQLServerConnection.executeCommand(SQLServerConnection.java:4700)
	at com.microsoft.sqlserver.jdbc.SQLServerStatement.executeCommand(SQLServerStatement.java:321)
	at com.microsoft.sqlserver.jdbc.SQLServerStatement.executeStatement(SQLServerStatement.java:253)
	at com.microsoft.sqlserver.jdbc.SQLServerPreparedStatement.executeUpdate(SQLServerPreparedStatement.java:549)
	at org.eclipse.persistence.internal.databaseaccess.DatabaseAccessor.executeDirectNoSelect(DatabaseAccessor.java:898)
	... 100 more
]]></error>
    <system-out><![CDATA[[EL Fine]: moxy: 2025-04-25 16:04:18.891--Thread(Thread[main,5,main])--SAXParserFactory instance: com.sun.org.apache.xerces.internal.jaxp.SAXParserFactoryImpl@226b143b
[EL Fine]: sql: 2025-04-25 16:04:18.912--ClientSession(1747702724)--Connection(847606512)--Thread(Thread[main,5,main])--DELETE FROM Usuario
[EL Fine]: sql: 2025-04-25 16:04:18.926--ClientSession(1747702724)--Thread(Thread[main,5,main])--SELECT 1
[EL Warning]: 2025-04-25 16:04:18.942--UnitOfWork(254692047)--Thread(Thread[main,5,main])--Exception [EclipseLink-4002] (Eclipse Persistence Services - 3.0.2.v202107160933): org.eclipse.persistence.exceptions.DatabaseException
Internal Exception: com.microsoft.sqlserver.jdbc.SQLServerException: The DELETE statement conflicted with the REFERENCE constraint "FK_Usuario_Compras_Usuario". The conflict occurred in database "ETradeTechDB", table "dbo.Usuario_Compras", column 'Usuario_Usuario_id'.
Error Code: 547
Call: DELETE FROM Usuario
Query: DeleteAllQuery(referenceClass=Usuario sql="DELETE FROM Usuario")
[EL Fine]: sql: 2025-04-25 16:04:18.996--ClientSession(1757032717)--Connection(847606512)--Thread(Thread[main,5,main])--INSERT INTO Usuario (Usuario_id, Contraseña_SHA256, Correo, Nombre) VALUES (?, ?, ?, ?)
	bind => [100, DJFLIAENFJHFLOALDFGLDFOGLSJFGLJSDFHB, ana@test.com, Ana López]
[EL Fine]: sql: 2025-04-25 16:04:19.057--ClientSession(1757032717)--Thread(Thread[main,5,main])--SELECT 1
[EL Warning]: 2025-04-25 16:04:19.091--UnitOfWork(356476647)--Thread(Thread[main,5,main])--Exception [EclipseLink-4002] (Eclipse Persistence Services - 3.0.2.v202107160933): org.eclipse.persistence.exceptions.DatabaseException
Internal Exception: com.microsoft.sqlserver.jdbc.SQLServerException: Violation of PRIMARY KEY constraint 'PK_Usuario'. Cannot insert duplicate key in object 'dbo.Usuario'. The duplicate key value is (100).
Error Code: 2627
Call: INSERT INTO Usuario (Usuario_id, Contraseña_SHA256, Correo, Nombre) VALUES (?, ?, ?, ?)
	bind => [100, DJFLIAENFJHFLOALDFGLDFOGLSJFGLJSDFHB, ana@test.com, Ana López]
Query: InsertObjectQuery(Uso_Comun.Usuario[ usuarioid=100 ])
[EL Fine]: sql: 2025-04-25 16:04:19.178--ServerSession(856055143)--Connection(847606512)--Thread(Thread[main,5,main])--SELECT Usuario_id, Contraseña_SHA256, Correo, Nombre FROM Usuario WHERE (Usuario_id = ?)
	bind => [100]
]]></system-out>
  </testcase>
  <testcase name="testFindUsuarioNoExistente" classname="Tests.Test_Usuario" time="0.079">
    <system-out><![CDATA[[EL Fine]: moxy: 2025-04-25 16:04:19.234--Thread(Thread[main,5,main])--SAXParserFactory instance: com.sun.org.apache.xerces.internal.jaxp.SAXParserFactoryImpl@4912d525
[EL Fine]: sql: 2025-04-25 16:04:19.256--ClientSession(737935282)--Connection(847606512)--Thread(Thread[main,5,main])--DELETE FROM Usuario
[EL Fine]: sql: 2025-04-25 16:04:19.27--ClientSession(737935282)--Thread(Thread[main,5,main])--SELECT 1
[EL Warning]: 2025-04-25 16:04:19.274--UnitOfWork(1985869725)--Thread(Thread[main,5,main])--Exception [EclipseLink-4002] (Eclipse Persistence Services - 3.0.2.v202107160933): org.eclipse.persistence.exceptions.DatabaseException
Internal Exception: com.microsoft.sqlserver.jdbc.SQLServerException: The DELETE statement conflicted with the REFERENCE constraint "FK_Usuario_Compras_Usuario". The conflict occurred in database "ETradeTechDB", table "dbo.Usuario_Compras", column 'Usuario_Usuario_id'.
Error Code: 547
Call: DELETE FROM Usuario
Query: DeleteAllQuery(referenceClass=Usuario sql="DELETE FROM Usuario")
[EL Fine]: sql: 2025-04-25 16:04:19.279--ServerSession(856055143)--Connection(847606512)--Thread(Thread[main,5,main])--SELECT Usuario_id, Contraseña_SHA256, Correo, Nombre FROM Usuario WHERE (Usuario_id = ?)
	bind => [999]
]]></system-out>
  </testcase>
  <testcase name="testDestroyUsuario" classname="Tests.Test_Usuario" time="0.24">
    <error message="El usuario ya existe: 2" type="Inventario.exceptions.PreexistingEntityException"><![CDATA[Inventario.exceptions.PreexistingEntityException: El usuario ya existe: 2
	at Uso_Comun.DAOs.DAO_Usuario.create(DAO_Usuario.java:141)
	at Tests.Test_Usuario.testDestroyUsuario(Test_Usuario.java:72)
	at java.base/jdk.internal.reflect.NativeMethodAccessorImpl.invoke0(Native Method)
	at java.base/jdk.internal.reflect.NativeMethodAccessorImpl.invoke(NativeMethodAccessorImpl.java:77)
	at java.base/jdk.internal.reflect.DelegatingMethodAccessorImpl.invoke(DelegatingMethodAccessorImpl.java:43)
	at java.base/java.lang.reflect.Method.invoke(Method.java:568)
	at org.junit.platform.commons.util.ReflectionUtils.invokeMethod(ReflectionUtils.java:686)
	at org.junit.jupiter.engine.execution.MethodInvocation.proceed(MethodInvocation.java:60)
	at org.junit.jupiter.engine.execution.InvocationInterceptorChain$ValidatingInvocation.proceed(InvocationInterceptorChain.java:131)
	at org.junit.jupiter.engine.extension.TimeoutExtension.intercept(TimeoutExtension.java:149)
	at org.junit.jupiter.engine.extension.TimeoutExtension.interceptTestableMethod(TimeoutExtension.java:140)
	at org.junit.jupiter.engine.extension.TimeoutExtension.interceptTestMethod(TimeoutExtension.java:84)
	at org.junit.jupiter.engine.execution.ExecutableInvoker$ReflectiveInterceptorCall.lambda$ofVoidMethod$0(ExecutableInvoker.java:115)
	at org.junit.jupiter.engine.execution.ExecutableInvoker.lambda$invoke$0(ExecutableInvoker.java:105)
	at org.junit.jupiter.engine.execution.InvocationInterceptorChain$InterceptedInvocation.proceed(InvocationInterceptorChain.java:106)
	at org.junit.jupiter.engine.execution.InvocationInterceptorChain.proceed(InvocationInterceptorChain.java:64)
	at org.junit.jupiter.engine.execution.InvocationInterceptorChain.chainAndInvoke(InvocationInterceptorChain.java:45)
	at org.junit.jupiter.engine.execution.InvocationInterceptorChain.invoke(InvocationInterceptorChain.java:37)
	at org.junit.jupiter.engine.execution.ExecutableInvoker.invoke(ExecutableInvoker.java:104)
	at org.junit.jupiter.engine.execution.ExecutableInvoker.invoke(ExecutableInvoker.java:98)
	at org.junit.jupiter.engine.descriptor.TestMethodTestDescriptor.lambda$invokeTestMethod$6(TestMethodTestDescriptor.java:205)
	at org.junit.platform.engine.support.hierarchical.ThrowableCollector.execute(ThrowableCollector.java:73)
	at org.junit.jupiter.engine.descriptor.TestMethodTestDescriptor.invokeTestMethod(TestMethodTestDescriptor.java:201)
	at org.junit.jupiter.engine.descriptor.TestMethodTestDescriptor.execute(TestMethodTestDescriptor.java:137)
	at org.junit.jupiter.engine.descriptor.TestMethodTestDescriptor.execute(TestMethodTestDescriptor.java:71)
	at org.junit.platform.engine.support.hierarchical.NodeTestTask.lambda$executeRecursively$5(NodeTestTask.java:135)
	at org.junit.platform.engine.support.hierarchical.ThrowableCollector.execute(ThrowableCollector.java:73)
	at org.junit.platform.engine.support.hierarchical.NodeTestTask.lambda$executeRecursively$7(NodeTestTask.java:125)
	at org.junit.platform.engine.support.hierarchical.Node.around(Node.java:135)
	at org.junit.platform.engine.support.hierarchical.NodeTestTask.lambda$executeRecursively$8(NodeTestTask.java:123)
	at org.junit.platform.engine.support.hierarchical.ThrowableCollector.execute(ThrowableCollector.java:73)
	at org.junit.platform.engine.support.hierarchical.NodeTestTask.executeRecursively(NodeTestTask.java:122)
	at org.junit.platform.engine.support.hierarchical.NodeTestTask.execute(NodeTestTask.java:80)
	at java.base/java.util.ArrayList.forEach(ArrayList.java:1511)
	at org.junit.platform.engine.support.hierarchical.SameThreadHierarchicalTestExecutorService.invokeAll(SameThreadHierarchicalTestExecutorService.java:38)
	at org.junit.platform.engine.support.hierarchical.NodeTestTask.lambda$executeRecursively$5(NodeTestTask.java:139)
	at org.junit.platform.engine.support.hierarchical.ThrowableCollector.execute(ThrowableCollector.java:73)
	at org.junit.platform.engine.support.hierarchical.NodeTestTask.lambda$executeRecursively$7(NodeTestTask.java:125)
	at org.junit.platform.engine.support.hierarchical.Node.around(Node.java:135)
	at org.junit.platform.engine.support.hierarchical.NodeTestTask.lambda$executeRecursively$8(NodeTestTask.java:123)
	at org.junit.platform.engine.support.hierarchical.ThrowableCollector.execute(ThrowableCollector.java:73)
	at org.junit.platform.engine.support.hierarchical.NodeTestTask.executeRecursively(NodeTestTask.java:122)
	at org.junit.platform.engine.support.hierarchical.NodeTestTask.execute(NodeTestTask.java:80)
	at java.base/java.util.ArrayList.forEach(ArrayList.java:1511)
	at org.junit.platform.engine.support.hierarchical.SameThreadHierarchicalTestExecutorService.invokeAll(SameThreadHierarchicalTestExecutorService.java:38)
	at org.junit.platform.engine.support.hierarchical.NodeTestTask.lambda$executeRecursively$5(NodeTestTask.java:139)
	at org.junit.platform.engine.support.hierarchical.ThrowableCollector.execute(ThrowableCollector.java:73)
	at org.junit.platform.engine.support.hierarchical.NodeTestTask.lambda$executeRecursively$7(NodeTestTask.java:125)
	at org.junit.platform.engine.support.hierarchical.Node.around(Node.java:135)
	at org.junit.platform.engine.support.hierarchical.NodeTestTask.lambda$executeRecursively$8(NodeTestTask.java:123)
	at org.junit.platform.engine.support.hierarchical.ThrowableCollector.execute(ThrowableCollector.java:73)
	at org.junit.platform.engine.support.hierarchical.NodeTestTask.executeRecursively(NodeTestTask.java:122)
	at org.junit.platform.engine.support.hierarchical.NodeTestTask.execute(NodeTestTask.java:80)
	at org.junit.platform.engine.support.hierarchical.SameThreadHierarchicalTestExecutorService.submit(SameThreadHierarchicalTestExecutorService.java:32)
	at org.junit.platform.engine.support.hierarchical.HierarchicalTestExecutor.execute(HierarchicalTestExecutor.java:57)
	at org.junit.platform.engine.support.hierarchical.HierarchicalTestEngine.execute(HierarchicalTestEngine.java:51)
	at org.junit.platform.launcher.core.DefaultLauncher.execute(DefaultLauncher.java:248)
	at org.junit.platform.launcher.core.DefaultLauncher.lambda$execute$5(DefaultLauncher.java:211)
	at org.junit.platform.launcher.core.DefaultLauncher.withInterceptedStreams(DefaultLauncher.java:226)
	at org.junit.platform.launcher.core.DefaultLauncher.execute(DefaultLauncher.java:199)
	at org.junit.platform.launcher.core.DefaultLauncher.execute(DefaultLauncher.java:132)
	at org.apache.maven.surefire.junitplatform.LazyLauncher.execute(LazyLauncher.java:56)
	at org.apache.maven.surefire.junitplatform.JUnitPlatformProvider.execute(JUnitPlatformProvider.java:184)
	at org.apache.maven.surefire.junitplatform.JUnitPlatformProvider.invokeAllTests(JUnitPlatformProvider.java:148)
	at org.apache.maven.surefire.junitplatform.JUnitPlatformProvider.invoke(JUnitPlatformProvider.java:122)
	at org.apache.maven.surefire.booter.ForkedBooter.runSuitesInProcess(ForkedBooter.java:385)
	at org.apache.maven.surefire.booter.ForkedBooter.execute(ForkedBooter.java:162)
	at org.apache.maven.surefire.booter.ForkedBooter.run(ForkedBooter.java:507)
	at org.apache.maven.surefire.booter.ForkedBooter.main(ForkedBooter.java:495)
Caused by: jakarta.persistence.RollbackException: Exception [EclipseLink-4002] (Eclipse Persistence Services - 3.0.2.v202107160933): org.eclipse.persistence.exceptions.DatabaseException
Internal Exception: com.microsoft.sqlserver.jdbc.SQLServerException: Cannot insert the value NULL into column 'Contraseña_SHA256', table 'ETradeTechDB.dbo.Usuario'; column does not allow nulls. INSERT fails.
Error Code: 515
Call: INSERT INTO Usuario (Usuario_id, Contraseña_SHA256, Correo, Nombre) VALUES (?, ?, ?, ?)
	bind => [2, null, null, Pedro Gómez]
Query: InsertObjectQuery(Uso_Comun.Usuario[ usuarioid=2 ])
	at org.eclipse.persistence.internal.jpa.transaction.EntityTransactionImpl.commit(EntityTransactionImpl.java:163)
	at Uso_Comun.DAOs.DAO_Usuario.create(DAO_Usuario.java:129)
	... 68 more
Caused by: Exception [EclipseLink-4002] (Eclipse Persistence Services - 3.0.2.v202107160933): org.eclipse.persistence.exceptions.DatabaseException
Internal Exception: com.microsoft.sqlserver.jdbc.SQLServerException: Cannot insert the value NULL into column 'Contraseña_SHA256', table 'ETradeTechDB.dbo.Usuario'; column does not allow nulls. INSERT fails.
Error Code: 515
Call: INSERT INTO Usuario (Usuario_id, Contraseña_SHA256, Correo, Nombre) VALUES (?, ?, ?, ?)
	bind => [2, null, null, Pedro Gómez]
Query: InsertObjectQuery(Uso_Comun.Usuario[ usuarioid=2 ])
	at org.eclipse.persistence.exceptions.DatabaseException.sqlException(DatabaseException.java:334)
	at org.eclipse.persistence.internal.databaseaccess.DatabaseAccessor.executeDirectNoSelect(DatabaseAccessor.java:908)
	at org.eclipse.persistence.internal.databaseaccess.DatabaseAccessor.executeNoSelect(DatabaseAccessor.java:970)
	at org.eclipse.persistence.internal.databaseaccess.DatabaseAccessor.basicExecuteCall(DatabaseAccessor.java:640)
	at org.eclipse.persistence.internal.databaseaccess.DatabaseAccessor.executeCall(DatabaseAccessor.java:567)
	at org.eclipse.persistence.internal.sessions.AbstractSession.basicExecuteCall(AbstractSession.java:2051)
	at org.eclipse.persistence.sessions.server.ClientSession.executeCall(ClientSession.java:312)
	at org.eclipse.persistence.internal.queries.DatasourceCallQueryMechanism.executeCall(DatasourceCallQueryMechanism.java:282)
	at org.eclipse.persistence.internal.queries.DatasourceCallQueryMechanism.executeCall(DatasourceCallQueryMechanism.java:268)
	at org.eclipse.persistence.internal.queries.DatasourceCallQueryMechanism.insertObject(DatasourceCallQueryMechanism.java:421)
	at org.eclipse.persistence.internal.queries.StatementQueryMechanism.insertObject(StatementQueryMechanism.java:175)
	at org.eclipse.persistence.internal.queries.StatementQueryMechanism.insertObject(StatementQueryMechanism.java:191)
	at org.eclipse.persistence.internal.queries.DatabaseQueryMechanism.insertObjectForWrite(DatabaseQueryMechanism.java:507)
	at org.eclipse.persistence.queries.InsertObjectQuery.executeCommit(InsertObjectQuery.java:83)
	at org.eclipse.persistence.queries.InsertObjectQuery.executeCommitWithChangeSet(InsertObjectQuery.java:94)
	at org.eclipse.persistence.internal.queries.DatabaseQueryMechanism.executeWriteWithChangeSet(DatabaseQueryMechanism.java:319)
	at org.eclipse.persistence.queries.WriteObjectQuery.executeDatabaseQuery(WriteObjectQuery.java:61)
	at org.eclipse.persistence.queries.DatabaseQuery.execute(DatabaseQuery.java:912)
	at org.eclipse.persistence.queries.DatabaseQuery.executeInUnitOfWork(DatabaseQuery.java:811)
	at org.eclipse.persistence.queries.ObjectLevelModifyQuery.executeInUnitOfWorkObjectLevelModifyQuery(ObjectLevelModifyQuery.java:112)
	at org.eclipse.persistence.queries.ObjectLevelModifyQuery.executeInUnitOfWork(ObjectLevelModifyQuery.java:89)
	at org.eclipse.persistence.internal.sessions.UnitOfWorkImpl.internalExecuteQuery(UnitOfWorkImpl.java:3008)
	at org.eclipse.persistence.internal.sessions.AbstractSession.executeQuery(AbstractSession.java:1844)
	at org.eclipse.persistence.internal.sessions.AbstractSession.executeQuery(AbstractSession.java:1826)
	at org.eclipse.persistence.internal.sessions.AbstractSession.executeQuery(AbstractSession.java:1776)
	at org.eclipse.persistence.internal.sessions.CommitManager.commitNewObjectsForClassWithChangeSet(CommitManager.java:248)
	at org.eclipse.persistence.internal.sessions.CommitManager.commitAllObjectsWithChangeSet(CommitManager.java:147)
	at org.eclipse.persistence.internal.sessions.AbstractSession.writeAllObjectsWithChangeSet(AbstractSession.java:4340)
	at org.eclipse.persistence.internal.sessions.UnitOfWorkImpl.commitToDatabase(UnitOfWorkImpl.java:1507)
	at org.eclipse.persistence.internal.sessions.UnitOfWorkImpl.commitToDatabaseWithChangeSet(UnitOfWorkImpl.java:1597)
	at org.eclipse.persistence.internal.sessions.RepeatableWriteUnitOfWork.commitRootUnitOfWork(RepeatableWriteUnitOfWork.java:288)
	at org.eclipse.persistence.internal.sessions.UnitOfWorkImpl.commitAndResume(UnitOfWorkImpl.java:1234)
	at org.eclipse.persistence.internal.jpa.transaction.EntityTransactionImpl.commit(EntityTransactionImpl.java:138)
	... 69 more
Caused by: com.microsoft.sqlserver.jdbc.SQLServerException: Cannot insert the value NULL into column 'Contraseña_SHA256', table 'ETradeTechDB.dbo.Usuario'; column does not allow nulls. INSERT fails.
	at com.microsoft.sqlserver.jdbc.SQLServerException.makeFromDatabaseError(SQLServerException.java:276)
	at com.microsoft.sqlserver.jdbc.SQLServerStatement.getNextResult(SQLServerStatement.java:1787)
	at com.microsoft.sqlserver.jdbc.SQLServerPreparedStatement.doExecutePreparedStatement(SQLServerPreparedStatement.java:688)
	at com.microsoft.sqlserver.jdbc.SQLServerPreparedStatement$PrepStmtExecCmd.doExecute(SQLServerPreparedStatement.java:607)
	at com.microsoft.sqlserver.jdbc.TDSCommand.execute(IOBuffer.java:7745)
	at com.microsoft.sqlserver.jdbc.SQLServerConnection.executeCommand(SQLServerConnection.java:4700)
	at com.microsoft.sqlserver.jdbc.SQLServerStatement.executeCommand(SQLServerStatement.java:321)
	at com.microsoft.sqlserver.jdbc.SQLServerStatement.executeStatement(SQLServerStatement.java:253)
	at com.microsoft.sqlserver.jdbc.SQLServerPreparedStatement.executeUpdate(SQLServerPreparedStatement.java:549)
	at org.eclipse.persistence.internal.databaseaccess.DatabaseAccessor.executeDirectNoSelect(DatabaseAccessor.java:898)
	... 100 more
]]></error>
    <system-out><![CDATA[[EL Fine]: moxy: 2025-04-25 16:04:19.315--Thread(Thread[main,5,main])--SAXParserFactory instance: com.sun.org.apache.xerces.internal.jaxp.SAXParserFactoryImpl@4e4c3a38
[EL Fine]: sql: 2025-04-25 16:04:19.395--ClientSession(691854979)--Connection(847606512)--Thread(Thread[main,5,main])--DELETE FROM Usuario
[EL Fine]: sql: 2025-04-25 16:04:19.496--ClientSession(691854979)--Thread(Thread[main,5,main])--SELECT 1
[EL Warning]: 2025-04-25 16:04:19.5--UnitOfWork(203936099)--Thread(Thread[main,5,main])--Exception [EclipseLink-4002] (Eclipse Persistence Services - 3.0.2.v202107160933): org.eclipse.persistence.exceptions.DatabaseException
Internal Exception: com.microsoft.sqlserver.jdbc.SQLServerException: The DELETE statement conflicted with the REFERENCE constraint "FK_Usuario_Compras_Usuario". The conflict occurred in database "ETradeTechDB", table "dbo.Usuario_Compras", column 'Usuario_Usuario_id'.
Error Code: 547
Call: DELETE FROM Usuario
Query: DeleteAllQuery(referenceClass=Usuario sql="DELETE FROM Usuario")
[EL Fine]: sql: 2025-04-25 16:04:19.507--ClientSession(939391749)--Connection(847606512)--Thread(Thread[main,5,main])--INSERT INTO Usuario (Usuario_id, Contraseña_SHA256, Correo, Nombre) VALUES (?, ?, ?, ?)
	bind => [2, null, null, Pedro Gómez]
[EL Fine]: sql: 2025-04-25 16:04:19.515--ClientSession(939391749)--Thread(Thread[main,5,main])--SELECT 1
[EL Warning]: 2025-04-25 16:04:19.519--UnitOfWork(98801744)--Thread(Thread[main,5,main])--Exception [EclipseLink-4002] (Eclipse Persistence Services - 3.0.2.v202107160933): org.eclipse.persistence.exceptions.DatabaseException
Internal Exception: com.microsoft.sqlserver.jdbc.SQLServerException: Cannot insert the value NULL into column 'Contraseña_SHA256', table 'ETradeTechDB.dbo.Usuario'; column does not allow nulls. INSERT fails.
Error Code: 515
Call: INSERT INTO Usuario (Usuario_id, Contraseña_SHA256, Correo, Nombre) VALUES (?, ?, ?, ?)
	bind => [2, null, null, Pedro Gómez]
Query: InsertObjectQuery(Uso_Comun.Usuario[ usuarioid=2 ])
[EL Fine]: sql: 2025-04-25 16:04:19.523--ServerSession(856055143)--Connection(847606512)--Thread(Thread[main,5,main])--SELECT Usuario_id, Contraseña_SHA256, Correo, Nombre FROM Usuario WHERE (Usuario_id = ?)
	bind => [2]
]]></system-out>
  </testcase>
</testsuite>